<?xml version="1.0" encoding="UTF-8"?>
<!-- Generated by org.testng.reporters.JUnitXMLReporter -->
<testsuite ignored="16" hostname="LAPTOP-GJTJ5UP3" failures="0" tests="4" name="Test" time="207.546" errors="0" timestamp="2021-05-04T12:19:19 IST">
  <testcase classname="com.crm.vtiger.TestcasesTests.TC_27_FillAllTheEntriesAndClickOnCancel_Test" name="saveData" time="32.82"/>
  <testcase classname="com.crm.vtiger.TestcasesTests.TC_29_FillAndSaveTheEntriesThenClickOnDelete_Test" name="saveData" time="35.246"/>
  <testcase classname="com.crm.vtiger.TestcasesTests.TC_30_SearchForOpportunityNameInDropDownList_Test" name="saveData" time="29.616"/>
  <testcase classname="com.crm.vtiger.TestcasesTests.TC_28_FillAndSaveTheEntriesThenClickOnEdit_Test" name="saveData" time="34.548"/>
  <testcase classname="com.crm.vtiger.TestcasesTests.TC_29_FillAndSaveTheEntriesThenClickOnDelete_Test" name="deleteData" time="0.0">
    <ignored/>
  </testcase> <!-- deleteData -->
  <testcase classname="com.crm.vtiger.TestcasesTests.TC_28_FillAndSaveTheEntriesThenClickOnEdit_Test" name="editData" time="0.0">
    <ignored/>
  </testcase> <!-- editData -->
  <testcase classname="com.crm.vtiger.genericUtilities.BaseClass" name="@BeforeSuite configBS" time="0.0">
    <ignored/>
  </testcase> <!-- @BeforeSuite configBS -->
  <testcase classname="com.crm.vtiger.genericUtilities.BaseClass" name="@BeforeSuite configBS" time="0.0">
    <ignored/>
  </testcase> <!-- @BeforeSuite configBS -->
  <testcase classname="com.crm.vtiger.genericUtilities.BaseClass" name="@BeforeSuite configBS" time="0.0">
    <ignored/>
  </testcase> <!-- @BeforeSuite configBS -->
  <testcase classname="com.crm.vtiger.TestcasesTests.TC_27_FillAllTheEntriesAndClickOnCancel_Test" name="cancleData" time="0.0">
    <ignored/>
  </testcase> <!-- cancleData -->
  <testcase classname="com.crm.vtiger.genericUtilities.BaseClass" name="@AfterTest configAT" time="0.0">
    <ignored/>
  </testcase> <!-- @AfterTest configAT -->
  <testcase classname="com.crm.vtiger.genericUtilities.BaseClass" name="@AfterTest configAT" time="0.0">
    <ignored/>
  </testcase> <!-- @AfterTest configAT -->
  <testcase classname="com.crm.vtiger.genericUtilities.BaseClass" name="@AfterTest configAT" time="0.0">
    <ignored/>
  </testcase> <!-- @AfterTest configAT -->
  <testcase classname="com.crm.vtiger.genericUtilities.BaseClass" name="@BeforeTest configBT" time="0.0">
    <ignored/>
  </testcase> <!-- @BeforeTest configBT -->
  <testcase classname="com.crm.vtiger.genericUtilities.BaseClass" name="@BeforeTest configBT" time="0.0">
    <ignored/>
  </testcase> <!-- @BeforeTest configBT -->
  <testcase classname="com.crm.vtiger.genericUtilities.BaseClass" name="@BeforeTest configBT" time="0.0">
    <ignored/>
  </testcase> <!-- @BeforeTest configBT -->
  <testcase classname="com.crm.vtiger.genericUtilities.BaseClass" name="@AfterSuite configAS" time="0.0">
    <ignored/>
  </testcase> <!-- @AfterSuite configAS -->
  <testcase classname="com.crm.vtiger.genericUtilities.BaseClass" name="@AfterSuite configAS" time="0.0">
    <ignored/>
  </testcase> <!-- @AfterSuite configAS -->
  <testcase classname="com.crm.vtiger.genericUtilities.BaseClass" name="@AfterSuite configAS" time="0.0">
    <ignored/>
  </testcase> <!-- @AfterSuite configAS -->
  <testcase classname="com.crm.vtiger.TestcasesTests.TC_30_SearchForOpportunityNameInDropDownList_Test" name="opportunityNameSearch" time="0.0">
    <ignored/>
  </testcase> <!-- opportunityNameSearch -->
</testsuite> <!-- Test -->
