<?xml version="1.0" encoding="UTF-8"?>
<!-- Generated by org.testng.reporters.JUnitXMLReporter -->
<testsuite ignored="4" hostname="LAPTOP-GJTJ5UP3" failures="0" tests="4" name="Test_runner_1" time="64.21" errors="0" timestamp="2021-05-04T22:11:56 IST">
  <testcase classname="com.crm.vtiger.TestcasesTests.TC_27_FillAllTheEntriesAndClickOnCancel_Test" name="cancleData" time="10.893"/>
  <testcase classname="com.crm.vtiger.TestcasesTests.TC_27_FillAllTheEntriesAndClickOnCancel_Test" name="saveData" time="7.75"/>
  <testcase classname="com.crm.vtiger.TestcasesTests.TC_29_FillAndSaveTheEntriesThenClickOnDelete_Test" name="deleteData" time="13.932"/>
  <testcase classname="com.crm.vtiger.TestcasesTests.TC_29_FillAndSaveTheEntriesThenClickOnDelete_Test" name="saveData" time="7.834"/>
  <testcase classname="com.crm.vtiger.genericUtilities.BaseClass" name="@BeforeSuite configBS" time="0.0">
    <ignored/>
  </testcase> <!-- @BeforeSuite configBS -->
  <testcase classname="com.crm.vtiger.genericUtilities.BaseClass" name="@AfterTest configAT" time="0.0">
    <ignored/>
  </testcase> <!-- @AfterTest configAT -->
  <testcase classname="com.crm.vtiger.genericUtilities.BaseClass" name="@BeforeTest configBT" time="0.0">
    <ignored/>
  </testcase> <!-- @BeforeTest configBT -->
  <testcase classname="com.crm.vtiger.genericUtilities.BaseClass" name="@AfterSuite configAS" time="0.0">
    <ignored/>
  </testcase> <!-- @AfterSuite configAS -->
</testsuite> <!-- Test_runner_1 -->
